<?xml version="1.0" encoding="UTF-8"?>
<testsuite name="TestSuite" time="210.036" tests="14" errors="0" skipped="0" failures="0">
  <properties>
    <property name="java.runtime.name" value="Java(TM) SE Runtime Environment"/>
    <property name="sun.boot.library.path" value="C:\Program Files\Java\jdk1.8.0_271\jre\bin"/>
    <property name="java.vm.version" value="25.271-b09"/>
    <property name="java.vm.vendor" value="Oracle Corporation"/>
    <property name="maven.multiModuleProjectDirectory" value="C:/Users/VictorArunJoseph/eclipse-workspace/One"/>
    <property name="java.vendor.url" value="http://java.oracle.com/"/>
    <property name="path.separator" value=";"/>
    <property name="guice.disable.misplaced.annotation.check" value="true"/>
    <property name="java.vm.name" value="Java HotSpot(TM) 64-Bit Server VM"/>
    <property name="file.encoding.pkg" value="sun.io"/>
    <property name="user.script" value=""/>
    <property name="user.country" value="IN"/>
    <property name="sun.java.launcher" value="SUN_STANDARD"/>
    <property name="sun.os.patch.level" value=""/>
    <property name="java.vm.specification.name" value="Java Virtual Machine Specification"/>
    <property name="user.dir" value="C:\Users\VictorArunJoseph\eclipse-workspace\One"/>
    <property name="java.runtime.version" value="1.8.0_271-b09"/>
    <property name="java.awt.graphicsenv" value="sun.awt.Win32GraphicsEnvironment"/>
    <property name="java.endorsed.dirs" value="C:\Program Files\Java\jdk1.8.0_271\jre\lib\endorsed"/>
    <property name="os.arch" value="amd64"/>
    <property name="java.io.tmpdir" value="C:\Users\VICTOR~1\AppData\Local\Temp\"/>
    <property name="line.separator" value="&#10;"/>
    <property name="java.vm.specification.vendor" value="Oracle Corporation"/>
    <property name="user.variant" value=""/>
    <property name="os.name" value="Windows 10"/>
    <property name="classworlds.conf" value="C:/Users/VictorArunJoseph/Automation/apache-maven-3.6.3/bin/m2.conf"/>
    <property name="sun.jnu.encoding" value="Cp1252"/>
    <property name="java.library.path" value="C:\Program Files\Java\jdk1.8.0_271\bin;C:\WINDOWS\Sun\Java\bin;C:\WINDOWS\system32;C:\WINDOWS;C:\Users\VictorArunJoseph\bin;C:\Program Files\Git\mingw64\bin;C:\Program Files\Git\usr\local\bin;C:\Program Files\Git\usr\bin;C:\Program Files\Git\usr\bin;C:\Program Files\Git\mingw64\bin;C:\Program Files\Git\usr\bin;C:\Users\VictorArunJoseph\bin;C:\Program Files\Java\jre1.8.0_271\bin\server;C:\Program Files\Java\jre1.8.0_271\bin;C:\Program Files\Java\jre1.8.0_271\lib\amd64;C:\Program Files (x86)\Common Files\Oracle\Java\javapath;C:\Python39\Scripts;C:\Python39;C:\WINDOWS\system32;C:\WINDOWS;C:\WINDOWS\System32\Wbem;C:\WINDOWS\System32\WindowsPowerShell\v1.0;C:\WINDOWS\System32\OpenSSH;C:\Program Files\Java\jdk1.8.0_271\lib;C:\Users\VictorArunJoseph\Automation\apache-maven-3.6.3\bin;C:\Program Files\Microsoft VS Code\bin;C:\ProgramData\chocolatey\bin;%M2_HOME%\bin;C:\Program Files\Git\cmd;C:\Program Files\Java\jdk1.8.0_271\bin;C:\Program Files (x86)\nodejs;C:\Users\VictorArunJoseph\AppData\Local\Microsoft\WindowsApps;C:\Users\VictorArunJoseph\AppData\Roaming\npm;C:\Users\VictorArunJoseph\Automation\eclipse;C:\Program Files\Git\usr\bin\vendor_perl;C:\Program Files\Git\usr\bin\core_perl;."/>
    <property name="maven.conf" value="C:/Users/VictorArunJoseph/Automation/apache-maven-3.6.3/conf"/>
    <property name="java.specification.name" value="Java Platform API Specification"/>
    <property name="java.class.version" value="52.0"/>
    <property name="sun.management.compiler" value="HotSpot 64-Bit Tiered Compilers"/>
    <property name="os.version" value="10.0"/>
    <property name="library.jansi.path" value="C:/Users/VictorArunJoseph/Automation/apache-maven-3.6.3/lib/jansi-native"/>
    <property name="user.home" value="C:\Users\VictorArunJoseph"/>
    <property name="user.timezone" value="Asia/Calcutta"/>
    <property name="java.awt.printerjob" value="sun.awt.windows.WPrinterJob"/>
    <property name="java.specification.version" value="1.8"/>
    <property name="file.encoding" value="Cp1252"/>
    <property name="user.name" value="VictorArunJoseph"/>
    <property name="java.class.path" value="C:/Users/VictorArunJoseph/Automation/apache-maven-3.6.3/boot/plexus-classworlds-2.6.0.jar"/>
    <property name="java.vm.specification.version" value="1.8"/>
    <property name="sun.arch.data.model" value="64"/>
    <property name="java.home" value="C:\Program Files\Java\jdk1.8.0_271\jre"/>
    <property name="sun.java.command" value="org.codehaus.plexus.classworlds.launcher.Launcher test"/>
    <property name="java.specification.vendor" value="Oracle Corporation"/>
    <property name="user.language" value="en"/>
    <property name="awt.toolkit" value="sun.awt.windows.WToolkit"/>
    <property name="java.vm.info" value="mixed mode"/>
    <property name="java.version" value="1.8.0_271"/>
    <property name="java.ext.dirs" value="C:\Program Files\Java\jdk1.8.0_271\jre\lib\ext;C:\WINDOWS\Sun\Java\lib\ext"/>
    <property name="sun.boot.class.path" value="C:\Program Files\Java\jdk1.8.0_271\jre\lib\resources.jar;C:\Program Files\Java\jdk1.8.0_271\jre\lib\rt.jar;C:\Program Files\Java\jdk1.8.0_271\jre\lib\sunrsasign.jar;C:\Program Files\Java\jdk1.8.0_271\jre\lib\jsse.jar;C:\Program Files\Java\jdk1.8.0_271\jre\lib\jce.jar;C:\Program Files\Java\jdk1.8.0_271\jre\lib\charsets.jar;C:\Program Files\Java\jdk1.8.0_271\jre\lib\jfr.jar;C:\Program Files\Java\jdk1.8.0_271\jre\classes"/>
    <property name="java.vendor" value="Oracle Corporation"/>
    <property name="maven.home" value="C:\Users\VictorArunJoseph\Automation\apache-maven-3.6.3"/>
    <property name="file.separator" value="\"/>
    <property name="java.vendor.url.bug" value="http://bugreport.sun.com/bugreport/"/>
    <property name="sun.cpu.endian" value="little"/>
    <property name="sun.io.unicode.encoding" value="UnicodeLittle"/>
    <property name="sun.desktop" value="windows"/>
    <property name="sun.cpu.isalist" value="amd64"/>
  </properties>
  <testcase name="login" classname="one.globalenglish.testCases.TC_LoginTestDDT_002" time="24.187"/>
  <testcase name="login" classname="one.globalenglish.testCases.TC_LoginTestDDT_002" time="21.276"/>
  <testcase name="login" classname="one.globalenglish.testCases.TC_LoginTestDDT_002" time="20.252"/>
  <testcase name="login" classname="one.globalenglish.testCases.TC_LoginTestDDT_002" time="18.495"/>
  <testcase name="accent" classname="one.globalenglish.testCases.TC_Accent_003" time="17.4"/>
  <testcase name="Cultures" classname="one.globalenglish.testCases.TC_Culture_004" time="26.557"/>
  <testcase name="EmailTempValidation" classname="one.globalenglish.testCases.TC_EmailTemplate_005" time="12.95"/>
  <testcase name="NewsFeedValidation1" classname="one.globalenglish.testCases.TC_NewsFeed_006" time="15.198"/>
  <testcase name="GCTutorial" classname="one.globalenglish.testCases.TC_GCTutorial_012" time="30.776"/>
  <testcase name="GCTutorial1" classname="one.globalenglish.testCases.TC_GCTutorial_012" time="3.455"/>
  <testcase name="ProfileValidation" classname="one.globalenglish.testCases.TC_Profile_007" time="17.024"/>
  <testcase name="response" classname="one.globalenglish.testCases.TC_Stress_008" time="32.779"/>
  <testcase name="OpenProgresslinks" classname="one.globalenglish.testCases.TC_Progress_009" time="15.993"/>
  <testcase name="HomeLinks" classname="one.globalenglish.testCases.TC_Home_011" time="13.717"/>
</testsuite>