<?xml version="1.0" encoding="UTF-8"?>
<!-- Generated by org.testng.reporters.JUnitReportReporter -->
<testsuite skipped="0" hostname="441SN13" name="one.globalenglish.testCases.TC_GCTutorial_012" tests="2" failures="0" timestamp="2021-04-13T12:03:34 IST" time="105.029" errors="0">
  <testcase name="GCTutorial1" time="3.310" classname="one.globalenglish.testCases.TC_GCTutorial_012"/>
  <system-out/>
  <testcase name="GCTutorial" time="101.719" classname="one.globalenglish.testCases.TC_GCTutorial_012"/>
  <system-out/>
</testsuite> <!-- one.globalenglish.testCases.TC_GCTutorial_012 -->
