<?xml version="1.0" encoding="UTF-8"?>
<!-- Generated by org.testng.reporters.JUnitReportReporter -->
<testsuite skipped="0" hostname="441SN13" name="one.globalenglish.testCases.TC_SystemCheck_010" tests="1" failures="0" timestamp="2021-02-09T22:12:36 IST" time="21.543" errors="0">
  <testcase name="SystemCheckValidation" time="21.543" classname="one.globalenglish.testCases.TC_SystemCheck_010"/>
  <system-out/>
</testsuite> <!-- one.globalenglish.testCases.TC_SystemCheck_010 -->
