<?xml version="1.0" encoding="UTF-8"?>
<!-- Generated by org.testng.reporters.JUnitReportReporter -->
<testsuite skipped="0" hostname="441SN13" name="one.globalenglish.testCases.TC_EmailTemplate_005" tests="1" failures="0" timestamp="2021-05-30T20:54:07 IST" time="18.836" errors="0">
  <testcase name="EmailTempValidation" time="18.836" classname="one.globalenglish.testCases.TC_EmailTemplate_005"/>
  <system-out/>
</testsuite> <!-- one.globalenglish.testCases.TC_EmailTemplate_005 -->
