<?xml version="1.0" encoding="UTF-8"?>
<!-- Generated by org.testng.reporters.JUnitReportReporter -->
<testsuite skipped="0" hostname="441SN13" name="one.globalenglish.testCases.TC_EmailTemplate_005" tests="1" failures="0" timestamp="2021-02-08T23:32:43 IST" time="21.506" errors="0">
  <testcase name="EmailTempValidation" time="21.506" classname="one.globalenglish.testCases.TC_EmailTemplate_005"/>
  <system-out/>
</testsuite> <!-- one.globalenglish.testCases.TC_EmailTemplate_005 -->
