<?xml version="1.0" encoding="UTF-8"?>
<!-- Generated by org.testng.reporters.JUnitReportReporter -->
<testsuite skipped="0" hostname="441SN13" name="one.globalenglish.testCases.TC_GCTutorial_012" tests="2" failures="0" timestamp="2021-05-30T20:54:07 IST" time="39.542" errors="0">
  <testcase name="GCTutorial" time="37.773" classname="one.globalenglish.testCases.TC_GCTutorial_012"/>
  <system-out/>
  <testcase name="GCTutorial1" time="1.769" classname="one.globalenglish.testCases.TC_GCTutorial_012"/>
  <system-out/>
</testsuite> <!-- one.globalenglish.testCases.TC_GCTutorial_012 -->
