<?xml version="1.0" encoding="UTF-8"?>
<!-- Generated by org.testng.reporters.JUnitReportReporter -->
<testsuite skipped="0" hostname="441SN13" name="one.globalenglish.testCases.TC_SystemCheck_010" tests="1" failures="0" timestamp="2021-04-13T12:03:34 IST" time="31.547" errors="0">
  <testcase name="SystemCheckValidation" time="31.547" classname="one.globalenglish.testCases.TC_SystemCheck_010"/>
  <system-out/>
</testsuite> <!-- one.globalenglish.testCases.TC_SystemCheck_010 -->
