<?xml version="1.0" encoding="UTF-8"?>
<!-- Generated by org.testng.reporters.JUnitReportReporter -->
<testsuite skipped="0" hostname="441SN13" name="one.globalenglish.testCases.TC_Stress_008" tests="1" failures="0" timestamp="2021-03-13T18:10:37 IST" time="23.754" errors="0">
  <testcase name="response" time="23.754" classname="one.globalenglish.testCases.TC_Stress_008"/>
  <system-out/>
</testsuite> <!-- one.globalenglish.testCases.TC_Stress_008 -->
