<?xml version="1.0" encoding="UTF-8"?>
<!-- Generated by org.testng.reporters.JUnitReportReporter -->
<testsuite skipped="0" hostname="441SN13" name="one.globalenglish.testCases.TC_LoginTestDDT_002" tests="4" failures="0" timestamp="2021-05-30T20:54:07 IST" time="89.630" errors="0">
  <testcase name="login" time="19.874" classname="one.globalenglish.testCases.TC_LoginTestDDT_002"/>
  <system-out/>
  <testcase name="login" time="22.755" classname="one.globalenglish.testCases.TC_LoginTestDDT_002"/>
  <system-out/>
  <testcase name="login" time="22.392" classname="one.globalenglish.testCases.TC_LoginTestDDT_002"/>
  <system-out/>
  <testcase name="login" time="24.609" classname="one.globalenglish.testCases.TC_LoginTestDDT_002"/>
  <system-out/>
</testsuite> <!-- one.globalenglish.testCases.TC_LoginTestDDT_002 -->
