<?xml version="1.0" encoding="UTF-8"?>
<!-- Generated by org.testng.reporters.JUnitReportReporter -->
<testsuite skipped="0" hostname="441SN13" name="one.globalenglish.testCases.TC_LoginTest_001" tests="1" failures="0" timestamp="2021-01-07T21:52:33 IST" time="12.451" errors="0">
  <testcase name="LoginText" time="12.451" classname="one.globalenglish.testCases.TC_LoginTest_001"/>
  <system-out/>
</testsuite> <!-- one.globalenglish.testCases.TC_LoginTest_001 -->
