<?xml version="1.0" encoding="UTF-8"?>
<!-- Generated by org.testng.reporters.JUnitReportReporter -->
<testsuite skipped="0" hostname="441SN13" name="one.globalenglish.testCases.TC_Home_011" tests="1" failures="0" timestamp="2021-05-30T20:54:07 IST" time="13.736" errors="0">
  <testcase name="HomeLinks" time="13.736" classname="one.globalenglish.testCases.TC_Home_011"/>
  <system-out/>
</testsuite> <!-- one.globalenglish.testCases.TC_Home_011 -->
