<?xml version="1.0" encoding="UTF-8"?>
<!-- Generated by org.testng.reporters.JUnitReportReporter -->
<testsuite skipped="0" hostname="441SN13" name="one.globalenglish.testCases.TC_GCTutorial_012" tests="2" failures="0" timestamp="2021-03-13T18:45:42 IST" time="33.857" errors="0">
  <testcase name="GCTutorial1" time="2.048" classname="one.globalenglish.testCases.TC_GCTutorial_012"/>
  <system-out/>
  <testcase name="GCTutorial" time="31.809" classname="one.globalenglish.testCases.TC_GCTutorial_012"/>
  <system-out/>
</testsuite> <!-- one.globalenglish.testCases.TC_GCTutorial_012 -->
