<?xml version="1.0" encoding="UTF-8"?>
<!-- Generated by org.testng.reporters.JUnitReportReporter -->
<testsuite skipped="0" hostname="441SN13" name="one.globalenglish.testCases.TC_GCTutorial_012" tests="2" failures="0" timestamp="2021-03-21T23:21:31 IST" time="36.908" errors="0">
  <testcase name="GCTutorial" time="32.709" classname="one.globalenglish.testCases.TC_GCTutorial_012"/>
  <system-out/>
  <testcase name="GCTutorial1" time="4.199" classname="one.globalenglish.testCases.TC_GCTutorial_012"/>
  <system-out/>
</testsuite> <!-- one.globalenglish.testCases.TC_GCTutorial_012 -->
