<?xml version="1.0" encoding="UTF-8"?>
<!-- Generated by org.testng.reporters.JUnitReportReporter -->
<testsuite skipped="0" hostname="441SN13" name="one.globalenglish.testCases.TC_Accent_003" tests="1" failures="0" timestamp="2021-06-06T21:20:25 IST" time="17.402" errors="0">
  <testcase name="accent" time="17.402" classname="one.globalenglish.testCases.TC_Accent_003"/>
  <system-out/>
</testsuite> <!-- one.globalenglish.testCases.TC_Accent_003 -->
