<?xml version="1.0" encoding="UTF-8"?>
<!-- Generated by org.testng.reporters.JUnitReportReporter -->
<testsuite skipped="0" hostname="441SN13" name="one.globalenglish.testCases.TC_NewsFeed_006" tests="1" failures="0" timestamp="2021-03-21T23:21:31 IST" time="15.488" errors="0">
  <testcase name="NewsFeedValidation1" time="15.488" classname="one.globalenglish.testCases.TC_NewsFeed_006"/>
  <system-out/>
</testsuite> <!-- one.globalenglish.testCases.TC_NewsFeed_006 -->
