<?xml version="1.0" encoding="UTF-8"?>
<!-- Generated by org.testng.reporters.JUnitReportReporter -->
<testsuite skipped="0" hostname="441SN13" name="one.globalenglish.testCases.TC_SystemCheck_010" tests="1" failures="0" timestamp="2021-02-13T12:29:35 IST" time="77.676" errors="0">
  <testcase name="SystemCheckValidation" time="77.676" classname="one.globalenglish.testCases.TC_SystemCheck_010"/>
  <system-out/>
</testsuite> <!-- one.globalenglish.testCases.TC_SystemCheck_010 -->
