<?xml version="1.0" encoding="UTF-8"?>
<!-- Generated by org.testng.reporters.JUnitReportReporter -->
<testsuite skipped="0" hostname="441SN13" name="one.globalenglish.testCases.TC_Progress_009" tests="1" failures="0" timestamp="2021-06-06T21:20:25 IST" time="15.994" errors="0">
  <testcase name="OpenProgresslinks" time="15.994" classname="one.globalenglish.testCases.TC_Progress_009"/>
  <system-out/>
</testsuite> <!-- one.globalenglish.testCases.TC_Progress_009 -->
