<?xml version="1.0" encoding="UTF-8"?>
<!-- Generated by org.testng.reporters.JUnitReportReporter -->
<testsuite skipped="0" hostname="441SN13" name="one.globalenglish.testCases.TC_LoginTestDDT_002" tests="4" failures="0" timestamp="2021-06-06T21:20:25 IST" time="84.201" errors="0">
  <testcase name="login" time="24.178" classname="one.globalenglish.testCases.TC_LoginTestDDT_002"/>
  <system-out/>
  <testcase name="login" time="18.495" classname="one.globalenglish.testCases.TC_LoginTestDDT_002"/>
  <system-out/>
  <testcase name="login" time="21.276" classname="one.globalenglish.testCases.TC_LoginTestDDT_002"/>
  <system-out/>
  <testcase name="login" time="20.252" classname="one.globalenglish.testCases.TC_LoginTestDDT_002"/>
  <system-out/>
</testsuite> <!-- one.globalenglish.testCases.TC_LoginTestDDT_002 -->
