<?xml version="1.0" encoding="UTF-8"?>
<!-- Generated by org.testng.reporters.JUnitReportReporter -->
<testsuite skipped="0" hostname="441SN13" name="one.globalenglish.testCases.TC_Culture_004" tests="1" failures="0" timestamp="2021-06-06T21:20:25 IST" time="26.557" errors="0">
  <testcase name="Cultures" time="26.557" classname="one.globalenglish.testCases.TC_Culture_004"/>
  <system-out/>
</testsuite> <!-- one.globalenglish.testCases.TC_Culture_004 -->
